-------------------------------------------------------------------------------
Test set: test
-------------------------------------------------------------------------------
Tests run: 1, Failures: 1, Errors: 0, Skipped: 0, Time elapsed: 0.073 s <<< FAILURE! - in test
test(test)  Time elapsed: 0.005 s  <<< FAILURE!
java.lang.AssertionError
	at test.test(test.java:10)

