-------------------------------------------------------------------------------
Test set: Testneko
-------------------------------------------------------------------------------
Tests run: 1, Failures: 1, Errors: 0, Skipped: 0, Time elapsed: 0.002 s <<< FAILURE! - in Testneko
test(Testneko)  Time elapsed: 0.001 s  <<< FAILURE!
java.lang.AssertionError
	at Testneko.test(Testneko.java:10)

